<?xml version="1.0" encoding="UTF-8"?>
<!-- Generated by org.testng.reporters.JUnitReportReporter -->
<testsuite hostname="DESKTOP-UVHK7A9" failures="0" tests="1" name="com.LoginTest.VerifyTC_002" time="188.808" errors="0" timestamp="2023-07-12T10:49:58 IST" skipped="0">
  <testcase classname="com.LoginTest.VerifyTC_002" name="verifyTC_002_loginInvalidCredentials" time="188.808"/>
  <system-out/>
</testsuite> <!-- com.LoginTest.VerifyTC_002 -->
