<?xml version="1.0" encoding="UTF-8"?>
<!-- Generated by org.testng.reporters.JUnitReportReporter -->
<testsuite hostname="DESKTOP-0I4KNGH" failures="0" tests="1" name="com.LoginTest.VerifyTC_008" time="0.017" errors="0" timestamp="2023-07-11T20:33:27 IST" skipped="0">
  <testcase classname="com.LoginTest.VerifyTC_008" name="VerifyRegistration" time="0.017"/>
</testsuite> <!-- com.LoginTest.VerifyTC_008 -->
