<?xml version="1.0" encoding="UTF-8"?>
<!-- Generated by org.testng.reporters.JUnitReportReporter -->
<testsuite hostname="Siddhant99" failures="0" tests="1" name="com.LoginTest.VerifyTC_002" time="0.000" errors="0" timestamp="2023-07-11T19:13:44 IST" skipped="1">
  <testcase classname="com.LoginTest.VerifyTC_002" name="verifyTC_002_loginInvalidCredentials" time="0.000">
    <skipped/>
  </testcase> <!-- verifyTC_002_loginInvalidCredentials -->
</testsuite> <!-- com.LoginTest.VerifyTC_002 -->
