<?xml version="1.0" encoding="UTF-8"?>
<!-- Generated by org.testng.reporters.JUnitReportReporter -->
<testsuite hostname="DESKTOP-0I4KNGH" failures="0" tests="1" name="com.LoginTest.VerifyTC_002" time="16.783" errors="0" timestamp="2023-07-11T20:33:27 IST" skipped="0">
  <testcase classname="com.LoginTest.VerifyTC_002" name="verifyTC_002_loginInvalidCredentials" time="16.783"/>
</testsuite> <!-- com.LoginTest.VerifyTC_002 -->
