<?xml version="1.0" encoding="UTF-8"?>
<!-- Generated by org.testng.reporters.JUnitReportReporter -->
<testsuite hostname="DESKTOP-RL8SVL3" failures="0" tests="1" name="com.LoginTest.VerifyTC_003" time="0.007" errors="0" timestamp="2023-07-11T20:34:47 IST" skipped="0">
  <testcase classname="com.LoginTest.VerifyTC_003" name="verifyTC_003" time="0.007"/>
</testsuite> <!-- com.LoginTest.VerifyTC_003 -->
