<?xml version="1.0" encoding="UTF-8"?>
<!-- Generated by org.testng.reporters.JUnitReportReporter -->
<testsuite hostname="DESKTOP-RL8SVL3" failures="0" tests="1" name="com.LoginTest.VerifyTC_001" time="4.963" errors="0" timestamp="2023-07-11T20:34:47 IST" skipped="0">
  <testcase classname="com.LoginTest.VerifyTC_001" name="verifyTC_001_loginvalidCredentials" time="4.963"/>
</testsuite> <!-- com.LoginTest.VerifyTC_001 -->
