<?xml version="1.0" encoding="UTF-8"?>
<!-- Generated by org.testng.reporters.JUnitReportReporter -->
<testsuite hostname="Arjun" failures="0" tests="1" name="com.LoginTest.VerifyTC_002" time="1.547" errors="0" timestamp="2023-07-12T19:39:20 IST" skipped="0">
  <testcase classname="com.LoginTest.VerifyTC_002" name="verifyTC_002_loginInvalidCredentials" time="1.547"/>
</testsuite> <!-- com.LoginTest.VerifyTC_002 -->
