<?xml version="1.0" encoding="UTF-8"?>
<!-- Generated by org.testng.reporters.JUnitReportReporter -->
<testsuite hostname="DESKTOP-0I4KNGH" failures="0" tests="1" name="com.LoginTest.VerifyTC_001" time="21.450" errors="0" timestamp="2023-07-11T20:33:27 IST" skipped="0">
  <testcase classname="com.LoginTest.VerifyTC_001" name="verifyTC_001_loginvalidCredentials" time="21.450"/>
</testsuite> <!-- com.LoginTest.VerifyTC_001 -->
