<?xml version="1.0" encoding="UTF-8"?>
<!-- Generated by org.testng.reporters.JUnitReportReporter -->
<testsuite hostname="LAPTOP-SSJTVMOF" failures="0" tests="1" name="com.LoginTest.VerifyTest_009" time="0.010" errors="0" timestamp="2023-07-11T21:20:47 IST" skipped="0">
  <testcase classname="com.LoginTest.VerifyTest_009" name="VerifyTest_invalidcredential" time="0.010"/>
</testsuite> <!-- com.LoginTest.VerifyTest_009 -->
