<?xml version="1.0" encoding="UTF-8"?>
<!-- Generated by org.testng.reporters.JUnitReportReporter -->
<testsuite hostname="LAPTOP-SSJTVMOF" failures="0" tests="1" name="com.LoginTest.VerifyTC_004" time="0.011" errors="0" timestamp="2023-07-11T10:06:16 IST" skipped="0">
  <testcase classname="com.LoginTest.VerifyTC_004" name="VerifyTest_invalidcredential" time="0.011"/>
</testsuite> <!-- com.LoginTest.VerifyTC_004 -->
