<?xml version="1.0" encoding="UTF-8"?>
<!-- Generated by org.testng.reporters.JUnitReportReporter -->
<testsuite hostname="DESKTOP-QVM6J4J" failures="0" tests="1" name="com.LoginTest.VerifyTC_002" time="2.272" errors="0" timestamp="2023-07-10T09:14:43 IST" skipped="0">
  <testcase classname="com.LoginTest.VerifyTC_002" name="verifyTC_002_loginInvalidCredentials" time="2.272"/>
  <system-out/>
</testsuite> <!-- com.LoginTest.VerifyTC_002 -->
