<?xml version="1.0" encoding="UTF-8"?>
<!-- Generated by org.testng.reporters.JUnitReportReporter -->
<testsuite hostname="Arjun" failures="0" tests="1" name="com.LoginTest.VerifyTC_008" time="0.003" errors="0" timestamp="2023-07-12T19:39:20 IST" skipped="0">
  <testcase classname="com.LoginTest.VerifyTC_008" name="VerifyRegistration" time="0.003"/>
</testsuite> <!-- com.LoginTest.VerifyTC_008 -->
