<?xml version="1.0" encoding="UTF-8"?>
<!-- Generated by org.testng.reporters.JUnitReportReporter -->
<testsuite hostname="DESKTOP-0I4KNGH" failures="0" tests="1" name="com.LoginTest.VerifyTC_004" time="0.003" errors="0" timestamp="2023-07-11T20:33:27 IST" skipped="0">
  <testcase classname="com.LoginTest.VerifyTC_004" name="VerifyRegistration" time="0.003"/>
</testsuite> <!-- com.LoginTest.VerifyTC_004 -->
