<?xml version="1.0" encoding="UTF-8"?>
<!-- Generated by org.testng.reporters.JUnitReportReporter -->
<testsuite hostname="DESKTOP-UVHK7A9" failures="0" tests="1" name="com.LoginTest.VerifyTC_00A" time="0.005" errors="0" timestamp="2023-07-12T10:49:58 IST" skipped="0">
  <testcase classname="com.LoginTest.VerifyTC_00A" name="VerifyLogoutPage" time="0.005"/>
  <system-out/>
</testsuite> <!-- com.LoginTest.VerifyTC_00A -->
